#
# A fatal error has been detected by the Java Runtime Environment:
#
#  SIGBUS (0xa) at pc=0x000000010816ce92, pid=6686, tid=0x0000000000000f03
#
# JRE version: Java(TM) SE Runtime Environment (8.0_202-b08) (build 1.8.0_202-b08)
# Java VM: Java HotSpot(TM) 64-Bit Server VM (25.202-b08 mixed mode bsd-amd64 compressed oops)
# Problematic frame:
# C  [libzip.dylib+0x2e92]  newEntry+0x154
#
# Failed to write core dump. Core dumps have been disabled. To enable core dumping, try "ulimit -c unlimited" before starting Java again
#
# If you would like to submit a bug report, please visit:
#   http://bugreport.java.com/bugreport/crash.jsp
# The crash happened outside the Java Virtual Machine in native code.
# See problematic frame for where to report the bug.
#

---------------  T H R E A D  ---------------

Current thread (0x00007fb3f080b000):  JavaThread "main" [_thread_in_native, id=3843, stack(0x00007000002da000,0x00007000003da000)]

siginfo: si_signo: 10 (SIGBUS), si_code: 2 (BUS_ADRERR), si_addr: 0x00000001081e941e

Registers:
RAX=0x00007fb3f042ceb0, RBX=0x00000001081e9412, RCX=0x0000000000000000, RDX=0x00007fb3f0600000
RSP=0x00007000003d4490, RBP=0x00007000003d44f0, RSI=0x0000000010000000, RDI=0x000000000000066d
R8 =0x00000000000066d8, R9 =0x00000000000066dc, R10=0x00000000f0ffffff, R11=0x00006ff86997bd8e
R12=0x00007fb3f0902200, R13=0x00000000000014a0, R14=0x000000000aa2d19c, R15=0x00007fb3f066b980
RIP=0x000000010816ce92, EFLAGS=0x0000000000010206, ERR=0x0000000000000004
  TRAPNO=0x000000000000000e

Top of Stack: (sp=0x00007000003d4490)
0x00007000003d4490:   00007000003d47f0 0000000014e0c76c
0x00007000003d44a0:   00007000003d57d0 000000010e8293d8
0x00007000003d44b0:   00007000003d44d0 00007fb3f042ceb0
0x00007000003d44c0:   00007fb3f066adf0 00007fb3f042ceb0
0x00007000003d44d0:   00007fb3f0902200 00000000000014a0
0x00007000003d44e0:   000000000aa2d19c 00007fb3f066b980
0x00007000003d44f0:   00007000003d4550 000000010816d52d
0x00007000003d4500:   00007000003d45a4 00007000003d45a3
0x00007000003d4510:   0000003400000000 000000350180b000
0x00007000003d4520:   00007000003d456e 00007000003d49b8
0x00007000003d4530:   0000000000000035 00007000003d456e
0x00007000003d4540:   00007fb3f042ceb0 00007fb3f080b1f8
0x00007000003d4550:   00007000003d49a0 000000010816c238
0x00007000003d4560:   000000010e8293d8 6f63700000000001
0x00007000003d4570:   656c676f6f672f6d 2f7463656a6e692f
0x00007000003d4580:   6c616e7265746e69 4d656c676e69532f
0x00007000003d4590:   6a6e497265626d65 6c632e726f746365
0x00007000003d45a0:   0000000000737361 0000000796a57630
0x00007000003d45b0:   0000000797b09638 00007fb3f080b000
0x00007000003d45c0:   00007000003d4610 0000000114d801ce
0x00007000003d45d0:   00000000f2f8c0bd 0000000114ddbdfc
0x00007000003d45e0:   0000000000000000 0000000796010168
0x00007000003d45f0:   0000000000000000 00007000003d45a8
0x00007000003d4600:   00007000003d45e9 0000000800000002
0x00007000003d4610:   0000000797ba0a00 00007fb3f0405e00
0x00007000003d4620:   00007fb3f1b65c00 00007fb3f1b68a80
0x00007000003d4630:   00007fb3f1b6dbe8 00000000000083b0
0x00007000003d4640:   0000000109239010 00007fb3f20388d0
0x00007000003d4650:   00000000003d4600 0000000114d8ac90
0x00007000003d4660:   0000000000000000 00007fb3f080b000
0x00007000003d4670:   000000010e8293d8 00007fb3f080b000
0x00007000003d4680:   000000010e8293d8 00007fb3f080b000 

Instructions: (pc=0x000000010816ce92)
0x000000010816ce72:   49 8b 7f 38 e8 5b 1b 00 00 4d 89 77 38 49 89 5f
0x000000010816ce82:   40 4c 89 f0 48 85 c0 0f 84 11 05 00 00 48 89 c3
0x000000010816ce92:   0f b6 43 0c 0f b6 4b 0d 48 c1 e1 08 48 01 c1 0f
0x000000010816cea2:   b6 43 0e 0f b6 53 0f 48 c1 e2 08 48 01 c2 48 c1 

Register to memory mapping:

RAX=0x00007fb3f042ceb0 is an unknown value
RBX=0x00000001081e9412 is an unknown value
RCX=0x0000000000000000 is an unknown value
RDX=0x00007fb3f0600000 is an unknown value
RSP=0x00007000003d4490 is pointing into the stack for thread: 0x00007fb3f080b000
RBP=0x00007000003d44f0 is pointing into the stack for thread: 0x00007fb3f080b000
RSI=0x0000000010000000 is an unknown value
RDI=0x000000000000066d is an unknown value
R8 =0x00000000000066d8 is an unknown value
R9 =0x00000000000066dc is an unknown value
R10=0x00000000f0ffffff is an unknown value
R11=0x00006ff86997bd8e is an unknown value
R12=0x00007fb3f0902200 is an unknown value
R13=0x00000000000014a0 is an unknown value
R14=0x000000000aa2d19c is an unknown value
R15=0x00007fb3f066b980 is an unknown value


Stack: [0x00007000002da000,0x00007000003da000],  sp=0x00007000003d4490,  free space=1001k
Native frames: (J=compiled Java code, j=interpreted, Vv=VM code, C=native code)
C  [libzip.dylib+0x2e92]  newEntry+0x154
C  [libzip.dylib+0x352d]  ZIP_GetEntry2+0xd4
C  [libzip.dylib+0x2238]  Java_java_util_zip_ZipFile_getEntry+0xcf
J 122  java.util.zip.ZipFile.getEntry(J[BZ)J (0 bytes) @ 0x0000000114d801ce [0x0000000114d80100+0xce]
J 538 C2 sun.misc.URLClassPath$JarLoader.getResource(Ljava/lang/String;Z)Lsun/misc/Resource; (85 bytes) @ 0x0000000114ee96d4 [0x0000000114ee9200+0x4d4]
J 462 C2 sun.misc.URLClassPath.getResource(Ljava/lang/String;Z)Lsun/misc/Resource; (83 bytes) @ 0x0000000114e99d7c [0x0000000114e99c60+0x11c]
J 311 C1 java.net.URLClassLoader$1.run()Ljava/lang/Class; (63 bytes) @ 0x0000000114df9a7c [0x0000000114df9860+0x21c]
J 310 C1 java.net.URLClassLoader$1.run()Ljava/lang/Object; (5 bytes) @ 0x0000000114dfa28c [0x0000000114dfa200+0x8c]
v  ~StubRoutines::call_stub
V  [libjvm.dylib+0x2f0d1e]  JavaCalls::call_helper(JavaValue*, methodHandle*, JavaCallArguments*, Thread*)+0x6ae
V  [libjvm.dylib+0x35160e]  JVM_DoPrivileged+0x4b8
J 198  java.security.AccessController.doPrivileged(Ljava/security/PrivilegedExceptionAction;Ljava/security/AccessControlContext;)Ljava/lang/Object; (0 bytes) @ 0x0000000114daab15 [0x0000000114daaa40+0xd5]
J 242 C1 java.net.URLClassLoader.findClass(Ljava/lang/String;)Ljava/lang/Class; (47 bytes) @ 0x0000000114dc5354 [0x0000000114dc51c0+0x194]
J 456 C1 org.codehaus.plexus.classworlds.realm.ClassRealm.loadClassFromSelf(Ljava/lang/String;)Ljava/lang/Class; (40 bytes) @ 0x0000000114e814cc [0x0000000114e81140+0x38c]
J 454 C1 org.codehaus.plexus.classworlds.strategy.SelfFirstStrategy.loadClass(Ljava/lang/String;)Ljava/lang/Class; (50 bytes) @ 0x0000000114e801a4 [0x0000000114e7ff00+0x2a4]
J 327 C1 org.codehaus.plexus.classworlds.realm.ClassRealm.loadClass(Ljava/lang/String;)Ljava/lang/Class; (7 bytes) @ 0x0000000114e0c844 [0x0000000114e0c620+0x224]
v  ~StubRoutines::call_stub
V  [libjvm.dylib+0x2f0d1e]  JavaCalls::call_helper(JavaValue*, methodHandle*, JavaCallArguments*, Thread*)+0x6ae
V  [libjvm.dylib+0x2f14c2]  JavaCalls::call_virtual(JavaValue*, KlassHandle, Symbol*, Symbol*, JavaCallArguments*, Thread*)+0x164
V  [libjvm.dylib+0x2f161a]  JavaCalls::call_virtual(JavaValue*, Handle, KlassHandle, Symbol*, Symbol*, Handle, Thread*)+0x56
V  [libjvm.dylib+0x54194c]  SystemDictionary::load_instance_class(Symbol*, Handle, Thread*)+0x2d8
V  [libjvm.dylib+0x5410f6]  SystemDictionary::resolve_instance_class_or_null(Symbol*, Handle, Handle, Thread*)+0x484
V  [libjvm.dylib+0x541b68]  SystemDictionary::resolve_or_null(Symbol*, Handle, Handle, Thread*)+0x106
V  [libjvm.dylib+0x54221b]  SystemDictionary::resolve_or_fail(Symbol*, Handle, Handle, bool, Thread*)+0x31
V  [libjvm.dylib+0x58d158]  VerificationType::is_reference_assignable_from(VerificationType const&, ClassVerifier*, bool, Thread*) const+0xe4
V  [libjvm.dylib+0x50e303]  VerificationType::is_assignable_from(VerificationType const&, ClassVerifier*, bool, Thread*) const+0x13f
V  [libjvm.dylib+0x50d912]  StackMapFrame::is_assignable_to(VerificationType*, VerificationType*, int, Thread*) const+0x3a
V  [libjvm.dylib+0x50dd25]  StackMapFrame::is_assignable_to(StackMapFrame const*, ErrorContext*, Thread*) const+0x1ab
V  [libjvm.dylib+0x50f1e5]  StackMapTable::match_stackmap(StackMapFrame*, int, int, bool, bool, ErrorContext*, Thread*) const+0xf1
V  [libjvm.dylib+0x50f2e1]  StackMapTable::match_stackmap(StackMapFrame*, int, bool, bool, ErrorContext*, Thread*) const+0x43
V  [libjvm.dylib+0x50f36a]  StackMapTable::check_jump_target(StackMapFrame*, int, Thread*) const+0x7e
V  [libjvm.dylib+0x595ab6]  ClassVerifier::verify_method(methodHandle, Thread*)+0x1252
V  [libjvm.dylib+0x5ac5c2]  ClassVerifier::verify_class(Thread*)+0xbe
V  [libjvm.dylib+0x5ad236]  Verifier::verify(instanceKlassHandle, Verifier::Mode, bool, Thread*)+0x110
V  [libjvm.dylib+0x2c4991]  InstanceKlass::link_class_impl(instanceKlassHandle, bool, Thread*)+0x3a1
V  [libjvm.dylib+0x2c4cf3]  InstanceKlass::link_class(Thread*)+0x3b
V  [libjvm.dylib+0x2c4d2b]  InstanceKlass::initialize_impl(instanceKlassHandle, Thread*)+0x25
V  [libjvm.dylib+0x2c5447]  InstanceKlass::initialize(Thread*)+0x3d
V  [libjvm.dylib+0x2ec742]  InterpreterRuntime::_new(JavaThread*, ConstantPool*, int)+0x5e
j  com.google.inject.internal.InjectorShell$Builder.build(Lcom/google/inject/internal/Initializer;Lcom/google/inject/internal/ProcessedBindingData;Lcom/google/inject/internal/util/Stopwatch;Lcom/google/inject/internal/Errors;)Ljava/util/List;+274
j  com.google.inject.internal.InternalInjectorCreator.build()Lcom/google/inject/Injector;+48
j  com.google.inject.Guice.createInjector(Lcom/google/inject/Stage;Ljava/lang/Iterable;)Lcom/google/inject/Injector;+15
j  com.google.inject.Guice.createInjector(Ljava/lang/Iterable;)Lcom/google/inject/Injector;+4
j  com.google.inject.Guice.createInjector([Lcom/google/inject/Module;)Lcom/google/inject/Injector;+4
j  org.codehaus.plexus.DefaultPlexusContainer.addPlexusInjector(Ljava/util/List;[Lcom/google/inject/Module;)Lcom/google/inject/Injector;+88
j  org.codehaus.plexus.DefaultPlexusContainer.<init>(Lorg/codehaus/plexus/ContainerConfiguration;[Lcom/google/inject/Module;)V+396
j  org.apache.maven.cli.MavenCli.container(Lorg/apache/maven/cli/CliRequest;)Lorg/codehaus/plexus/PlexusContainer;+275
j  org.apache.maven.cli.MavenCli.doMain(Lorg/apache/maven/cli/CliRequest;)I+29
j  org.apache.maven.cli.MavenCli.main([Ljava/lang/String;Lorg/codehaus/plexus/classworlds/ClassWorld;)I+24
v  ~StubRoutines::call_stub
V  [libjvm.dylib+0x2f0d1e]  JavaCalls::call_helper(JavaValue*, methodHandle*, JavaCallArguments*, Thread*)+0x6ae
V  [libjvm.dylib+0x4d7790]  Reflection::invoke(instanceKlassHandle, methodHandle, Handle, bool, objArrayHandle, BasicType, objArrayHandle, bool, Thread*)+0xe12
V  [libjvm.dylib+0x4d7cc4]  Reflection::invoke_method(oopDesc*, Handle, objArrayHandle, Thread*)+0x16c
V  [libjvm.dylib+0x34926c]  JVM_InvokeMethod+0x166
j  sun.reflect.NativeMethodAccessorImpl.invoke0(Ljava/lang/reflect/Method;Ljava/lang/Object;[Ljava/lang/Object;)Ljava/lang/Object;+0
j  sun.reflect.NativeMethodAccessorImpl.invoke(Ljava/lang/Object;[Ljava/lang/Object;)Ljava/lang/Object;+100
j  sun.reflect.DelegatingMethodAccessorImpl.invoke(Ljava/lang/Object;[Ljava/lang/Object;)Ljava/lang/Object;+6
j  java.lang.reflect.Method.invoke(Ljava/lang/Object;[Ljava/lang/Object;)Ljava/lang/Object;+56
j  org.codehaus.plexus.classworlds.launcher.Launcher.launchEnhanced([Ljava/lang/String;)V+45
j  org.codehaus.plexus.classworlds.launcher.Launcher.launch([Ljava/lang/String;)V+2
j  org.codehaus.plexus.classworlds.launcher.Launcher.mainWithExitCode([Ljava/lang/String;)I+101
j  org.codehaus.plexus.classworlds.launcher.Launcher.main([Ljava/lang/String;)V+1
j  org.codehaus.classworlds.Launcher.main([Ljava/lang/String;)V+1
v  ~StubRoutines::call_stub
V  [libjvm.dylib+0x2f0d1e]  JavaCalls::call_helper(JavaValue*, methodHandle*, JavaCallArguments*, Thread*)+0x6ae
V  [libjvm.dylib+0x327cc5]  jni_invoke_static(JNIEnv_*, JavaValue*, _jobject*, JNICallType, _jmethodID*, JNI_ArgumentPusher*, Thread*)+0x1bf
V  [libjvm.dylib+0x320a51]  jni_CallStaticVoidMethod+0x15d
C  [java+0x38c6]  JavaMain+0x9c4
C  [libsystem_pthread.dylib+0x6109]  _pthread_start+0x94
C  [libsystem_pthread.dylib+0x1b8b]  thread_start+0xf
C  0x0000000000000000

Java frames: (J=compiled Java code, j=interpreted, Vv=VM code)
J 122  java.util.zip.ZipFile.getEntry(J[BZ)J (0 bytes) @ 0x0000000114d80158 [0x0000000114d80100+0x58]
J 538 C2 sun.misc.URLClassPath$JarLoader.getResource(Ljava/lang/String;Z)Lsun/misc/Resource; (85 bytes) @ 0x0000000114ee96d4 [0x0000000114ee9200+0x4d4]
J 462 C2 sun.misc.URLClassPath.getResource(Ljava/lang/String;Z)Lsun/misc/Resource; (83 bytes) @ 0x0000000114e99d7c [0x0000000114e99c60+0x11c]
J 311 C1 java.net.URLClassLoader$1.run()Ljava/lang/Class; (63 bytes) @ 0x0000000114df9a7c [0x0000000114df9860+0x21c]
J 310 C1 java.net.URLClassLoader$1.run()Ljava/lang/Object; (5 bytes) @ 0x0000000114dfa28c [0x0000000114dfa200+0x8c]
v  ~StubRoutines::call_stub
J 198  java.security.AccessController.doPrivileged(Ljava/security/PrivilegedExceptionAction;Ljava/security/AccessControlContext;)Ljava/lang/Object; (0 bytes) @ 0x0000000114daaaa3 [0x0000000114daaa40+0x63]
J 242 C1 java.net.URLClassLoader.findClass(Ljava/lang/String;)Ljava/lang/Class; (47 bytes) @ 0x0000000114dc5354 [0x0000000114dc51c0+0x194]
J 456 C1 org.codehaus.plexus.classworlds.realm.ClassRealm.loadClassFromSelf(Ljava/lang/String;)Ljava/lang/Class; (40 bytes) @ 0x0000000114e814cc [0x0000000114e81140+0x38c]
J 454 C1 org.codehaus.plexus.classworlds.strategy.SelfFirstStrategy.loadClass(Ljava/lang/String;)Ljava/lang/Class; (50 bytes) @ 0x0000000114e801a4 [0x0000000114e7ff00+0x2a4]
J 327 C1 org.codehaus.plexus.classworlds.realm.ClassRealm.loadClass(Ljava/lang/String;)Ljava/lang/Class; (7 bytes) @ 0x0000000114e0c844 [0x0000000114e0c620+0x224]
v  ~StubRoutines::call_stub
j  com.google.inject.internal.InjectorShell$Builder.build(Lcom/google/inject/internal/Initializer;Lcom/google/inject/internal/ProcessedBindingData;Lcom/google/inject/internal/util/Stopwatch;Lcom/google/inject/internal/Errors;)Ljava/util/List;+274
j  com.google.inject.internal.InternalInjectorCreator.build()Lcom/google/inject/Injector;+48
j  com.google.inject.Guice.createInjector(Lcom/google/inject/Stage;Ljava/lang/Iterable;)Lcom/google/inject/Injector;+15
j  com.google.inject.Guice.createInjector(Ljava/lang/Iterable;)Lcom/google/inject/Injector;+4
j  com.google.inject.Guice.createInjector([Lcom/google/inject/Module;)Lcom/google/inject/Injector;+4
j  org.codehaus.plexus.DefaultPlexusContainer.addPlexusInjector(Ljava/util/List;[Lcom/google/inject/Module;)Lcom/google/inject/Injector;+88
j  org.codehaus.plexus.DefaultPlexusContainer.<init>(Lorg/codehaus/plexus/ContainerConfiguration;[Lcom/google/inject/Module;)V+396
j  org.apache.maven.cli.MavenCli.container(Lorg/apache/maven/cli/CliRequest;)Lorg/codehaus/plexus/PlexusContainer;+275
j  org.apache.maven.cli.MavenCli.doMain(Lorg/apache/maven/cli/CliRequest;)I+29
j  org.apache.maven.cli.MavenCli.main([Ljava/lang/String;Lorg/codehaus/plexus/classworlds/ClassWorld;)I+24
v  ~StubRoutines::call_stub
j  sun.reflect.NativeMethodAccessorImpl.invoke0(Ljava/lang/reflect/Method;Ljava/lang/Object;[Ljava/lang/Object;)Ljava/lang/Object;+0
j  sun.reflect.NativeMethodAccessorImpl.invoke(Ljava/lang/Object;[Ljava/lang/Object;)Ljava/lang/Object;+100
j  sun.reflect.DelegatingMethodAccessorImpl.invoke(Ljava/lang/Object;[Ljava/lang/Object;)Ljava/lang/Object;+6
j  java.lang.reflect.Method.invoke(Ljava/lang/Object;[Ljava/lang/Object;)Ljava/lang/Object;+56
j  org.codehaus.plexus.classworlds.launcher.Launcher.launchEnhanced([Ljava/lang/String;)V+45
j  org.codehaus.plexus.classworlds.launcher.Launcher.launch([Ljava/lang/String;)V+2
j  org.codehaus.plexus.classworlds.launcher.Launcher.mainWithExitCode([Ljava/lang/String;)I+101
j  org.codehaus.plexus.classworlds.launcher.Launcher.main([Ljava/lang/String;)V+1
j  org.codehaus.classworlds.Launcher.main([Ljava/lang/String;)V+1
v  ~StubRoutines::call_stub

---------------  P R O C E S S  ---------------

Java Threads: ( => current thread )
  0x00007fb3f10f4000 JavaThread "Attach Listener" daemon [_thread_blocked, id=15107, stack(0x000070000130d000,0x000070000140d000)]
  0x00007fb3f3824800 JavaThread "Service Thread" daemon [_thread_blocked, id=17155, stack(0x0000700001107000,0x0000700001207000)]
  0x00007fb3f083b800 JavaThread "C1 CompilerThread2" daemon [_thread_blocked, id=14083, stack(0x0000700001004000,0x0000700001104000)]
  0x00007fb3f083b000 JavaThread "C2 CompilerThread1" daemon [_thread_blocked, id=13571, stack(0x0000700000f01000,0x0000700001001000)]
  0x00007fb3f100f000 JavaThread "C2 CompilerThread0" daemon [_thread_in_native, id=17667, stack(0x0000700000dfe000,0x0000700000efe000)]
  0x00007fb3f3824000 JavaThread "Monitor Ctrl-Break" daemon [_thread_in_native, id=18179, stack(0x0000700000cfb000,0x0000700000dfb000)]
  0x00007fb3f184b000 JavaThread "Signal Dispatcher" daemon [_thread_blocked, id=18435, stack(0x0000700000bf8000,0x0000700000cf8000)]
  0x00007fb3f0826000 JavaThread "Finalizer" daemon [_thread_blocked, id=20739, stack(0x00007000009ef000,0x0000700000aef000)]
  0x00007fb3f380c800 JavaThread "Reference Handler" daemon [_thread_blocked, id=11267, stack(0x00007000008ec000,0x00007000009ec000)]
=>0x00007fb3f080b000 JavaThread "main" [_thread_in_native, id=3843, stack(0x00007000002da000,0x00007000003da000)]

Other Threads:
  0x00007fb3f183e800 VMThread [stack: 0x00007000007e9000,0x00007000008e9000] [id=21507]
  0x00007fb3f186b000 WatcherThread [stack: 0x000070000120a000,0x000070000130a000] [id=14595]

VM state:not at safepoint (normal execution)

VM Mutex/Monitor currently owned by a thread: None

heap address: 0x0000000740000000, size: 2048 MB, Compressed Oops mode: Zero based, Oop shift amount: 3
Narrow klass base: 0x0000000000000000, Narrow klass shift: 3
Compressed class space size: 1073741824 Address: 0x00000007c0000000

Heap:
 PSYoungGen      total 38400K, used 26822K [0x0000000795580000, 0x000000079a080000, 0x00000007c0000000)
  eden space 33280K, 65% used [0x0000000795580000,0x0000000796ab5458,0x0000000797600000)
  from space 5120K, 99% used [0x0000000797b00000,0x0000000797ffc5b0,0x0000000798000000)
  to   space 5120K, 0% used [0x0000000797600000,0x0000000797600000,0x0000000797b00000)
 ParOldGen       total 87552K, used 495K [0x0000000740000000, 0x0000000745580000, 0x0000000795580000)
  object space 87552K, 0% used [0x0000000740000000,0x000000074007bd88,0x0000000745580000)
 Metaspace       used 12794K, capacity 13022K, committed 13312K, reserved 1060864K
  class space    used 1590K, capacity 1672K, committed 1792K, reserved 1048576K

Card table byte_map: [0x0000000109d79000,0x000000010a17a000] byte_map_base: 0x0000000106379000

Marking Bits: (ParMarkBitMap*) 0x00000001092fbe40
 Begin Bits: [0x000000010a425000, 0x000000010c425000)
 End Bits:   [0x000000010c425000, 0x000000010e425000)

Polling page: 0x00000001080fd000

CodeCache: size=245760Kb used=4318Kb max_used=4328Kb free=241441Kb
 bounds [0x0000000114c31000, 0x0000000115071000, 0x0000000123c31000]
 total_blobs=1440 nmethods=1109 adapters=244
 compilation: enabled

Compilation events (10 events):
Event: 3.084 Thread 0x00007fb3f083b800 1110       3       com.google.inject.internal.Errors::<init> (23 bytes)
Event: 3.084 Thread 0x00007fb3f083b800 nmethod 1110 0x0000000115069ed0 code [0x000000011506a040, 0x000000011506a250]
Event: 3.183 Thread 0x00007fb3f083b000 1114       4       java.util.ArrayList$Itr::hasNext (20 bytes)
Event: 3.183 Thread 0x00007fb3f083b800 1111       3       com.google.inject.internal.AbstractProcessor::visitOther (6 bytes)
Event: 3.184 Thread 0x00007fb3f083b800 nmethod 1111 0x000000011506a350 code [0x000000011506a4c0, 0x000000011506a750]
Event: 3.184 Thread 0x00007fb3f083b800 1112       3       com.google.inject.internal.AbstractProcessor::visitOther (5 bytes)
Event: 3.184 Thread 0x00007fb3f083b800 nmethod 1112 0x000000011506bd50 code [0x000000011506bec0, 0x000000011506c090]
Event: 3.184 Thread 0x00007fb3f083b800 1113       3       com.google.inject.spi.DefaultElementVisitor::visit (6 bytes)
Event: 3.184 Thread 0x00007fb3f083b000 nmethod 1114 0x000000011506d8d0 code [0x000000011506da20, 0x000000011506dab8]
Event: 3.184 Thread 0x00007fb3f083b800 nmethod 1113 0x000000011506b950 code [0x000000011506bac0, 0x000000011506bcc8]

GC Heap History (4 events):
Event: 1.784 GC heap before
{Heap before GC invocations=1 (full 0):
 PSYoungGen      total 38400K, used 33280K [0x0000000795580000, 0x0000000798000000, 0x00000007c0000000)
  eden space 33280K, 100% used [0x0000000795580000,0x0000000797600000,0x0000000797600000)
  from space 5120K, 0% used [0x0000000797b00000,0x0000000797b00000,0x0000000798000000)
  to   space 5120K, 0% used [0x0000000797600000,0x0000000797600000,0x0000000797b00000)
 ParOldGen       total 87552K, used 0K [0x0000000740000000, 0x0000000745580000, 0x0000000795580000)
  object space 87552K, 0% used [0x0000000740000000,0x0000000740000000,0x0000000745580000)
 Metaspace       used 8660K, capacity 8828K, committed 9088K, reserved 1056768K
  class space    used 1039K, capacity 1112K, committed 1152K, reserved 1048576K
Event: 1.791 GC heap after
Heap after GC invocations=1 (full 0):
 PSYoungGen      total 38400K, used 4787K [0x0000000795580000, 0x0000000798000000, 0x00000007c0000000)
  eden space 33280K, 0% used [0x0000000795580000,0x0000000795580000,0x0000000797600000)
  from space 5120K, 93% used [0x0000000797600000,0x0000000797aacdf0,0x0000000797b00000)
  to   space 5120K, 0% used [0x0000000797b00000,0x0000000797b00000,0x0000000798000000)
 ParOldGen       total 87552K, used 8K [0x0000000740000000, 0x0000000745580000, 0x0000000795580000)
  object space 87552K, 0% used [0x0000000740000000,0x0000000740002000,0x0000000745580000)
 Metaspace       used 8660K, capacity 8828K, committed 9088K, reserved 1056768K
  class space    used 1039K, capacity 1112K, committed 1152K, reserved 1048576K
}
Event: 2.543 GC heap before
{Heap before GC invocations=2 (full 0):
 PSYoungGen      total 38400K, used 38067K [0x0000000795580000, 0x0000000798000000, 0x00000007c0000000)
  eden space 33280K, 100% used [0x0000000795580000,0x0000000797600000,0x0000000797600000)
  from space 5120K, 93% used [0x0000000797600000,0x0000000797aacdf0,0x0000000797b00000)
  to   space 5120K, 0% used [0x0000000797b00000,0x0000000797b00000,0x0000000798000000)
 ParOldGen       total 87552K, used 8K [0x0000000740000000, 0x0000000745580000, 0x0000000795580000)
  object space 87552K, 0% used [0x0000000740000000,0x0000000740002000,0x0000000745580000)
 Metaspace       used 10892K, capacity 11046K, committed 11136K, reserved 1058816K
  class space    used 1318K, capacity 1378K, committed 1408K, reserved 1048576K
Event: 2.557 GC heap after
Heap after GC invocations=2 (full 0):
 PSYoungGen      total 38400K, used 5105K [0x0000000795580000, 0x000000079a080000, 0x00000007c0000000)
  eden space 33280K, 0% used [0x0000000795580000,0x0000000795580000,0x0000000797600000)
  from space 5120K, 99% used [0x0000000797b00000,0x0000000797ffc5b0,0x0000000798000000)
  to   space 5120K, 0% used [0x0000000797600000,0x0000000797600000,0x0000000797b00000)
 ParOldGen       total 87552K, used 495K [0x0000000740000000, 0x0000000745580000, 0x0000000795580000)
  object space 87552K, 0% used [0x0000000740000000,0x000000074007bd88,0x0000000745580000)
 Metaspace       used 10892K, capacity 11046K, committed 11136K, reserved 1058816K
  class space    used 1318K, capacity 1378K, committed 1408K, reserved 1048576K
}

Deoptimization events (9 events):
Event: 0.720 Thread 0x00007fb3f080b000 Uncommon trap: reason=unstable_if action=reinterpret pc=0x0000000114d5936c method=java.net.URI.match(CJJ)Z @ 19
Event: 0.871 Thread 0x00007fb3f080b000 Uncommon trap: reason=unstable_if action=reinterpret pc=0x0000000114deb998 method=java.lang.String.replace(CC)Ljava/lang/String; @ 26
Event: 1.607 Thread 0x00007fb3f080b000 Uncommon trap: reason=unstable_if action=reinterpret pc=0x0000000114e91078 method=java.util.HashMap.getNode(ILjava/lang/Object;)Ljava/util/HashMap$Node; @ 129
Event: 1.733 Thread 0x00007fb3f080b000 Uncommon trap: reason=unstable_if action=reinterpret pc=0x0000000114ef2c8c method=java.nio.charset.CoderResult.isOverflow()Z @ 5
Event: 1.909 Thread 0x00007fb3f080b000 Uncommon trap: reason=unstable_if action=reinterpret pc=0x0000000114f26468 method=sun.nio.cs.StreamDecoder.implRead([CII)I @ 197
Event: 1.957 Thread 0x00007fb3f080b000 Uncommon trap: reason=unstable_if action=reinterpret pc=0x0000000114f4c7cc method=sun.nio.cs.StreamDecoder.implRead([CII)I @ 197
Event: 2.008 Thread 0x00007fb3f080b000 Uncommon trap: reason=unstable_if action=reinterpret pc=0x0000000114e96378 method=java.util.HashMap.getNode(ILjava/lang/Object;)Ljava/util/HashMap$Node; @ 129
Event: 2.142 Thread 0x00007fb3f080b000 Uncommon trap: reason=range_check action=make_not_entrant pc=0x0000000114f66588 method=sun.reflect.generics.parser.SignatureParser.current()C @ 34
Event: 2.460 Thread 0x00007fb3f080b000 Uncommon trap: reason=unstable_if action=reinterpret pc=0x0000000114f6d11c method=java.lang.String.lastIndexOf([CII[CIII)I @ 118

Classes redefined (0 events):
No events

Internal exceptions (10 events):
Event: 0.459 Thread 0x00007fb3f080b000 Exception <a 'java/security/PrivilegedActionException'> (0x0000000795a8f528) thrown at [/Users/java_re/workspace/8-2-build-macosx-x86_64/jdk8u202/12323/hotspot/src/share/vm/prims/jvm.cpp, line 1502]
Event: 0.459 Thread 0x00007fb3f080b000 Exception <a 'java/security/PrivilegedActionException'> (0x0000000795a92a40) thrown at [/Users/java_re/workspace/8-2-build-macosx-x86_64/jdk8u202/12323/hotspot/src/share/vm/prims/jvm.cpp, line 1502]
Event: 0.459 Thread 0x00007fb3f080b000 Exception <a 'java/security/PrivilegedActionException'> (0x0000000795a92e38) thrown at [/Users/java_re/workspace/8-2-build-macosx-x86_64/jdk8u202/12323/hotspot/src/share/vm/prims/jvm.cpp, line 1502]
Event: 1.582 Thread 0x00007fb3f080b000 Exception <a 'java/lang/ArrayIndexOutOfBoundsException'> (0x00000007972166a8) thrown at [/Users/java_re/workspace/8-2-build-macosx-x86_64/jdk8u202/12323/hotspot/src/share/vm/runtime/sharedRuntime.cpp, line 605]
Event: 1.589 Thread 0x00007fb3f080b000 Exception <a 'java/lang/ArrayIndexOutOfBoundsException'> (0x0000000797246080) thrown at [/Users/java_re/workspace/8-2-build-macosx-x86_64/jdk8u202/12323/hotspot/src/share/vm/runtime/sharedRuntime.cpp, line 605]
Event: 1.604 Thread 0x00007fb3f080b000 Exception <a 'java/lang/ArrayIndexOutOfBoundsException'> (0x0000000797290978) thrown at [/Users/java_re/workspace/8-2-build-macosx-x86_64/jdk8u202/12323/hotspot/src/share/vm/runtime/sharedRuntime.cpp, line 605]
Event: 1.914 Thread 0x00007fb3f080b000 Exception <a 'java/lang/ArrayIndexOutOfBoundsException'> (0x0000000795d693a8) thrown at [/Users/java_re/workspace/8-2-build-macosx-x86_64/jdk8u202/12323/hotspot/src/share/vm/runtime/sharedRuntime.cpp, line 605]
Event: 1.914 Thread 0x00007fb3f080b000 Exception <a 'java/lang/ArrayIndexOutOfBoundsException'> (0x0000000795d6dd28) thrown at [/Users/java_re/workspace/8-2-build-macosx-x86_64/jdk8u202/12323/hotspot/src/share/vm/runtime/sharedRuntime.cpp, line 605]
Event: 2.142 Thread 0x00007fb3f080b000 Exception <a 'java/lang/ArrayIndexOutOfBoundsException': 85> (0x0000000796719e00) thrown at [/Users/java_re/workspace/8-2-build-macosx-x86_64/jdk8u202/12323/hotspot/src/share/vm/interpreter/interpreterRuntime.cpp, line 368]
Event: 2.142 Thread 0x00007fb3f080b000 Exception <a 'java/lang/ArrayIndexOutOfBoundsException': 40> (0x000000079671ac80) thrown at [/Users/java_re/workspace/8-2-build-macosx-x86_64/jdk8u202/12323/hotspot/src/share/vm/interpreter/interpreterRuntime.cpp, line 368]

Events (10 events):
Event: 3.182 loading class com/google/inject/internal/MessageProcessor
Event: 3.182 loading class com/google/inject/internal/MessageProcessor done
Event: 3.184 loading class com/google/inject/internal/ListenerBindingProcessor
Event: 3.184 loading class com/google/inject/internal/ListenerBindingProcessor done
Event: 3.186 loading class com/google/inject/internal/MembersInjectorStore
Event: 3.186 loading class com/google/inject/internal/MembersInjectorStore done
Event: 3.187 loading class com/google/inject/spi/TypeEncounter
Event: 3.187 loading class com/google/inject/spi/TypeEncounter done
Event: 3.188 loading class com/google/inject/internal/SingleMemberInjector
Event: 3.188 loading class com/google/inject/internal/SingleMemberInjector done


Dynamic libraries:
0x00007fff3557b000 	/System/Library/Frameworks/Cocoa.framework/Versions/A/Cocoa
0x00007fff42d74000 	/System/Library/Frameworks/Security.framework/Versions/A/Security
0x00007fff344e0000 	/System/Library/Frameworks/ApplicationServices.framework/Versions/A/ApplicationServices
0x00007fff6fa31000 	/usr/lib/libz.1.dylib
0x00007fff6d4f5000 	/usr/lib/libSystem.B.dylib
0x00007fff6f355000 	/usr/lib/libobjc.A.dylib
0x00007fff3641d000 	/System/Library/Frameworks/CoreFoundation.framework/Versions/A/CoreFoundation
0x00007fff38ada000 	/System/Library/Frameworks/Foundation.framework/Versions/C/Foundation
0x00007fff336d0000 	/System/Library/Frameworks/AppKit.framework/Versions/C/AppKit
0x00007fff35eff000 	/System/Library/Frameworks/CoreData.framework/Versions/A/CoreData
0x00007fff6750a000 	/System/Library/PrivateFrameworks/UIFoundation.framework/Versions/A/UIFoundation
0x00007fff6259e000 	/System/Library/PrivateFrameworks/RemoteViewServices.framework/Versions/A/RemoteViewServices
0x00007fff6a065000 	/System/Library/PrivateFrameworks/XCTTargetBootstrap.framework/Versions/A/XCTTargetBootstrap
0x00007fff362ea000 	/System/Library/Frameworks/CoreDisplay.framework/Versions/A/CoreDisplay
0x00007fff3b995000 	/System/Library/Frameworks/Metal.framework/Versions/A/Metal
0x00007fff5058b000 	/System/Library/PrivateFrameworks/DesktopServicesPriv.framework/Versions/A/DesktopServicesPriv
0x00007fff6e630000 	/usr/lib/liblangid.dylib
0x00007fff4f820000 	/System/Library/PrivateFrameworks/CoreSVG.framework/Versions/A/CoreSVG
0x00007fff656fa000 	/System/Library/PrivateFrameworks/SkyLight.framework/Versions/A/SkyLight
0x00007fff3689e000 	/System/Library/Frameworks/CoreGraphics.framework/Versions/A/CoreGraphics
0x00007fff320a4000 	/System/Library/Frameworks/Accelerate.framework/Versions/A/Accelerate
0x00007fff6f922000 	/usr/lib/libxml2.2.dylib
0x00007fff5b529000 	/System/Library/PrivateFrameworks/IconServices.framework/Versions/A/IconServices
0x00007fff392b9000 	/System/Library/Frameworks/IOSurface.framework/Versions/A/IOSurface
0x00007fff6d01f000 	/usr/lib/libDiagnosticMessagesClient.dylib
0x00007fff503e5000 	/System/Library/PrivateFrameworks/DFRFoundation.framework/Versions/A/DFRFoundation
0x00007fff6e3bf000 	/usr/lib/libicucore.A.dylib
0x00007fff34812000 	/System/Library/Frameworks/AudioToolbox.framework/Versions/A/AudioToolbox
0x00007fff348f5000 	/System/Library/Frameworks/AudioUnit.framework/Versions/A/AudioUnit
0x00007fff6d6f7000 	/usr/lib/libauto.dylib
0x00007fff50487000 	/System/Library/PrivateFrameworks/DataDetectorsCore.framework/Versions/A/DataDetectorsCore
0x00007fff3509c000 	/System/Library/Frameworks/Carbon.framework/Versions/A/Frameworks/HIToolbox.framework/Versions/A/HIToolbox
0x00007fff41f6e000 	/System/Library/Frameworks/QuartzCore.framework/Versions/A/QuartzCore
0x00007fff353db000 	/System/Library/Frameworks/Carbon.framework/Versions/A/Frameworks/SpeechRecognition.framework/Versions/A/SpeechRecognition
0x00007fff4fef9000 	/System/Library/PrivateFrameworks/CoreUI.framework/Versions/A/CoreUI
0x00007fff3596a000 	/System/Library/Frameworks/CoreAudio.framework/Versions/A/CoreAudio
0x00007fff38799000 	/System/Library/Frameworks/DiskArbitration.framework/Versions/A/DiskArbitration
0x00007fff5d579000 	/System/Library/PrivateFrameworks/MultitouchSupport.framework/Versions/A/MultitouchSupport
0x00007fff6e286000 	/usr/lib/libenergytrace.dylib
0x00007fff39213000 	/System/Library/Frameworks/IOKit.framework/Versions/A/IOKit
0x00007fff37805000 	/System/Library/Frameworks/CoreServices.framework/Versions/A/CoreServices
0x00007fff5f731000 	/System/Library/PrivateFrameworks/PerformanceAnalysis.framework/Versions/A/PerformanceAnalysis
0x00007fff40fa1000 	/System/Library/Frameworks/OpenGL.framework/Versions/A/OpenGL
0x00007fff35589000 	/System/Library/Frameworks/ColorSync.framework/Versions/A/ColorSync
0x00007fff36f21000 	/System/Library/Frameworks/CoreImage.framework/Versions/A/CoreImage
0x00007fff38278000 	/System/Library/Frameworks/CoreText.framework/Versions/A/CoreText
0x00007fff39349000 	/System/Library/Frameworks/ImageIO.framework/Versions/A/ImageIO
0x00007fff6d7db000 	/usr/lib/libc++.1.dylib
0x00007fff6d857000 	/usr/lib/libcompression.dylib
0x00007fff6d363000 	/usr/lib/libMobileGestalt.dylib
0x00007fff67274000 	/System/Library/PrivateFrameworks/TextureIO.framework/Versions/A/TextureIO
0x00007fff6d65a000 	/usr/lib/libate.dylib
0x00007fff5b732000 	/System/Library/PrivateFrameworks/InternationalSupport.framework/Versions/A/InternationalSupport
0x00007fff702f2000 	/usr/lib/system/libcache.dylib
0x00007fff702f8000 	/usr/lib/system/libcommonCrypto.dylib
0x00007fff70304000 	/usr/lib/system/libcompiler_rt.dylib
0x00007fff7030c000 	/usr/lib/system/libcopyfile.dylib
0x00007fff70316000 	/usr/lib/system/libcorecrypto.dylib
0x00007fff704b5000 	/usr/lib/system/libdispatch.dylib
0x00007fff704f6000 	/usr/lib/system/libdyld.dylib
0x00007fff7052d000 	/usr/lib/system/libkeymgr.dylib
0x00007fff7053b000 	/usr/lib/system/liblaunch.dylib
0x00007fff7053c000 	/usr/lib/system/libmacho.dylib
0x00007fff70542000 	/usr/lib/system/libquarantine.dylib
0x00007fff70545000 	/usr/lib/system/libremovefile.dylib
0x00007fff70547000 	/usr/lib/system/libsystem_asl.dylib
0x00007fff7055f000 	/usr/lib/system/libsystem_blocks.dylib
0x00007fff70560000 	/usr/lib/system/libsystem_c.dylib
0x00007fff705e8000 	/usr/lib/system/libsystem_configuration.dylib
0x00007fff705ec000 	/usr/lib/system/libsystem_coreservices.dylib
0x00007fff705f0000 	/usr/lib/system/libsystem_darwin.dylib
0x00007fff705f9000 	/usr/lib/system/libsystem_dnssd.dylib
0x00007fff70601000 	/usr/lib/system/libsystem_featureflags.dylib
0x00007fff70603000 	/usr/lib/system/libsystem_info.dylib
0x00007fff7067e000 	/usr/lib/system/libsystem_m.dylib
0x00007fff706c6000 	/usr/lib/system/libsystem_malloc.dylib
0x00007fff706ee000 	/usr/lib/system/libsystem_networkextension.dylib
0x00007fff706fc000 	/usr/lib/system/libsystem_notify.dylib
0x00007fff7071a000 	/usr/lib/system/libsystem_sandbox.dylib
0x00007fff7071f000 	/usr/lib/system/libsystem_secinit.dylib
0x00007fff70651000 	/usr/lib/system/libsystem_kernel.dylib
0x00007fff70706000 	/usr/lib/system/libsystem_platform.dylib
0x00007fff7070f000 	/usr/lib/system/libsystem_pthread.dylib
0x00007fff70722000 	/usr/lib/system/libsystem_symptoms.dylib
0x00007fff7072a000 	/usr/lib/system/libsystem_trace.dylib
0x00007fff70742000 	/usr/lib/system/libunwind.dylib
0x00007fff70748000 	/usr/lib/system/libxpc.dylib
0x00007fff6d82e000 	/usr/lib/libc++abi.dylib
0x00007fff6e632000 	/usr/lib/liblzma.5.dylib
0x00007fff6e2ad000 	/usr/lib/libfakelink.dylib
0x00007fff6d5e7000 	/usr/lib/libarchive.2.dylib
0x00007fff43e25000 	/System/Library/Frameworks/SystemConfiguration.framework/Versions/A/SystemConfiguration
0x00007fff6cf52000 	/usr/lib/libCRFSuite.dylib
0x00007fff34c8c000 	/System/Library/Frameworks/CFNetwork.framework/Versions/A/CFNetwork
0x00007fff6d7bd000 	/usr/lib/libbsm.0.dylib
0x00007fff7052e000 	/usr/lib/system/libkxld.dylib
0x00007fff49d62000 	/System/Library/PrivateFrameworks/AppleFSCompression.framework/Versions/A/AppleFSCompression
0x00007fff6db48000 	/usr/lib/libcoretls.dylib
0x00007fff6db5f000 	/usr/lib/libcoretls_cfhelpers.dylib
0x00007fff6f39b000 	/usr/lib/libpam.2.dylib
0x00007fff6f4d0000 	/usr/lib/libsqlite3.dylib
0x00007fff6f90f000 	/usr/lib/libxar.1.dylib
0x00007fff6d7ce000 	/usr/lib/libbz2.1.0.dylib
0x00007fff6e2ce000 	/usr/lib/libiconv.2.dylib
0x00007fff6d844000 	/usr/lib/libcharset.1.dylib
0x00007fff6ee38000 	/usr/lib/libnetwork.dylib
0x00007fff6f3a2000 	/usr/lib/libpcap.A.dylib
0x00007fff6d59c000 	/usr/lib/libapple_nghttp2.dylib
0x00007fff37bbc000 	/System/Library/Frameworks/CoreServices.framework/Versions/A/Frameworks/FSEvents.framework/Versions/A/FSEvents
0x00007fff3788c000 	/System/Library/Frameworks/CoreServices.framework/Versions/A/Frameworks/CarbonCore.framework/Versions/A/CarbonCore
0x00007fff37e00000 	/System/Library/Frameworks/CoreServices.framework/Versions/A/Frameworks/Metadata.framework/Versions/A/Metadata
0x00007fff37e99000 	/System/Library/Frameworks/CoreServices.framework/Versions/A/Frameworks/OSServices.framework/Versions/A/OSServices
0x00007fff37ec7000 	/System/Library/Frameworks/CoreServices.framework/Versions/A/Frameworks/SearchKit.framework/Versions/A/SearchKit
0x00007fff37806000 	/System/Library/Frameworks/CoreServices.framework/Versions/A/Frameworks/AE.framework/Versions/A/AE
0x00007fff37bc5000 	/System/Library/Frameworks/CoreServices.framework/Versions/A/Frameworks/LaunchServices.framework/Versions/A/LaunchServices
0x00007fff37b6e000 	/System/Library/Frameworks/CoreServices.framework/Versions/A/Frameworks/DictionaryServices.framework/Versions/A/DictionaryServices
0x00007fff37f2f000 	/System/Library/Frameworks/CoreServices.framework/Versions/A/Frameworks/SharedFileList.framework/Versions/A/SharedFileList
0x00007fff3cdc0000 	/System/Library/Frameworks/NetFS.framework/Versions/A/NetFS
0x00007fff5daa9000 	/System/Library/PrivateFrameworks/NetAuth.framework/Versions/A/NetAuth
0x00007fff6a432000 	/System/Library/PrivateFrameworks/login.framework/Versions/A/Frameworks/loginsupport.framework/Versions/A/loginsupport
0x00007fff66d3f000 	/System/Library/PrivateFrameworks/TCC.framework/Versions/A/TCC
0x00007fff4e993000 	/System/Library/PrivateFrameworks/CoreNLP.framework/Versions/A/CoreNLP
0x00007fff5cfa6000 	/System/Library/PrivateFrameworks/MetadataUtilities.framework/Versions/A/MetadataUtilities
0x00007fff6e70a000 	/usr/lib/libmecabra.dylib
0x00007fff6e662000 	/usr/lib/libmecab.dylib
0x00007fff6e2be000 	/usr/lib/libgermantok.dylib
0x00007fff6d583000 	/usr/lib/libThaiTokenizer.dylib
0x00007fff6cf89000 	/usr/lib/libChineseTokenizer.dylib
0x00007fff320bc000 	/System/Library/Frameworks/Accelerate.framework/Versions/A/Frameworks/vImage.framework/Versions/A/vImage
0x00007fff33526000 	/System/Library/Frameworks/Accelerate.framework/Versions/A/Frameworks/vecLib.framework/Versions/A/vecLib
0x00007fff33463000 	/System/Library/Frameworks/Accelerate.framework/Versions/A/Frameworks/vecLib.framework/Versions/A/libvMisc.dylib
0x00007fff3328b000 	/System/Library/Frameworks/Accelerate.framework/Versions/A/Frameworks/vecLib.framework/Versions/A/libvDSP.dylib
0x00007fff32713000 	/System/Library/Frameworks/Accelerate.framework/Versions/A/Frameworks/vecLib.framework/Versions/A/libBLAS.dylib
0x00007fff32e4f000 	/System/Library/Frameworks/Accelerate.framework/Versions/A/Frameworks/vecLib.framework/Versions/A/libLAPACK.dylib
0x00007fff331eb000 	/System/Library/Frameworks/Accelerate.framework/Versions/A/Frameworks/vecLib.framework/Versions/A/libLinearAlgebra.dylib
0x00007fff33278000 	/System/Library/Frameworks/Accelerate.framework/Versions/A/Frameworks/vecLib.framework/Versions/A/libSparseBLAS.dylib
0x00007fff33201000 	/System/Library/Frameworks/Accelerate.framework/Versions/A/Frameworks/vecLib.framework/Versions/A/libQuadrature.dylib
0x00007fff3297b000 	/System/Library/Frameworks/Accelerate.framework/Versions/A/Frameworks/vecLib.framework/Versions/A/libBNNS.dylib
0x00007fff33207000 	/System/Library/Frameworks/Accelerate.framework/Versions/A/Frameworks/vecLib.framework/Versions/A/libSparse.dylib
0x00007fff5bb1a000 	/System/Library/PrivateFrameworks/LanguageModeling.framework/Versions/A/LanguageModeling
0x00007fff4e343000 	/System/Library/PrivateFrameworks/CoreEmoji.framework/Versions/A/CoreEmoji
0x00007fff5bc38000 	/System/Library/PrivateFrameworks/LinguisticData.framework/Versions/A/LinguisticData
0x00007fff5bbe9000 	/System/Library/PrivateFrameworks/Lexicon.framework/Versions/A/Lexicon
0x00007fff6d845000 	/usr/lib/libcmph.dylib
0x00007fff3f9af000 	/System/Library/Frameworks/OpenDirectory.framework/Versions/A/Frameworks/CFOpenDirectory.framework/Versions/A/CFOpenDirectory
0x00007fff3f9cc000 	/System/Library/Frameworks/OpenDirectory.framework/Versions/A/OpenDirectory
0x00007fff47e0f000 	/System/Library/PrivateFrameworks/APFS.framework/Versions/A/APFS
0x00007fff430be000 	/System/Library/Frameworks/SecurityFoundation.framework/Versions/A/SecurityFoundation
0x00007fff6f90b000 	/usr/lib/libutil.dylib
0x00007fff4f878000 	/System/Library/PrivateFrameworks/CoreServicesStore.framework/Versions/A/CoreServicesStore
0x00007fff43175000 	/System/Library/Frameworks/ServiceManagement.framework/Versions/A/ServiceManagement
0x00007fff4b532000 	/System/Library/PrivateFrameworks/BackgroundTaskManagement.framework/Versions/A/BackgroundTaskManagement
0x00007fff6fa08000 	/usr/lib/libxslt.1.dylib
0x00007fff4a3d5000 	/System/Library/PrivateFrameworks/AppleSystemInfo.framework/Versions/A/AppleSystemInfo
0x00007fff39564000 	/System/Library/Frameworks/ImageIO.framework/Versions/A/Resources/libJPEG.dylib
0x00007fff39823000 	/System/Library/Frameworks/ImageIO.framework/Versions/A/Resources/libTIFF.dylib
0x00007fff39806000 	/System/Library/Frameworks/ImageIO.framework/Versions/A/Resources/libPng.dylib
0x00007fff394a6000 	/System/Library/Frameworks/ImageIO.framework/Versions/A/Resources/libGIF.dylib
0x00007fff394aa000 	/System/Library/Frameworks/ImageIO.framework/Versions/A/Resources/libJP2.dylib
0x00007fff39821000 	/System/Library/Frameworks/ImageIO.framework/Versions/A/Resources/libRadiance.dylib
0x00007fff6e287000 	/usr/lib/libexpat.1.dylib
0x00007fff49ebd000 	/System/Library/PrivateFrameworks/AppleJPEG.framework/Versions/A/AppleJPEG
0x00007fff52b8e000 	/System/Library/PrivateFrameworks/FontServices.framework/libFontParser.dylib
0x00007fff69434000 	/System/Library/PrivateFrameworks/WatchdogClient.framework/Versions/A/WatchdogClient
0x00007fff5b175000 	/System/Library/PrivateFrameworks/IOAccelerator.framework/Versions/A/IOAccelerator
0x00007fff3bd30000 	/System/Library/Frameworks/MetalPerformanceShaders.framework/Versions/A/MetalPerformanceShaders
0x00007fff5790b000 	/System/Library/PrivateFrameworks/GPUWrangler.framework/Versions/A/GPUWrangler
0x00007fff5b18a000 	/System/Library/PrivateFrameworks/IOPresentment.framework/Versions/A/IOPresentment
0x00007fff503f8000 	/System/Library/PrivateFrameworks/DSExternalDisplay.framework/Versions/A/DSExternalDisplay
0x00007fff40340000 	/System/Library/Frameworks/OpenGL.framework/Versions/A/Libraries/libCoreFSCache.dylib
0x00007fff3ba7c000 	/System/Library/Frameworks/MetalPerformanceShaders.framework/Frameworks/MPSCore.framework/Versions/A/MPSCore
0x00007fff3baba000 	/System/Library/Frameworks/MetalPerformanceShaders.framework/Frameworks/MPSImage.framework/Versions/A/MPSImage
0x00007fff3bb81000 	/System/Library/Frameworks/MetalPerformanceShaders.framework/Frameworks/MPSNeuralNetwork.framework/Versions/A/MPSNeuralNetwork
0x00007fff3bb45000 	/System/Library/Frameworks/MetalPerformanceShaders.framework/Frameworks/MPSMatrix.framework/Versions/A/MPSMatrix
0x00007fff3bce0000 	/System/Library/Frameworks/MetalPerformanceShaders.framework/Frameworks/MPSRayIntersector.framework/Versions/A/MPSRayIntersector
0x00007fff3bb6b000 	/System/Library/Frameworks/MetalPerformanceShaders.framework/Frameworks/MPSNDArray.framework/Versions/A/MPSNDArray
0x00007fff5cff3000 	/System/Library/PrivateFrameworks/MetalTools.framework/Versions/A/MetalTools
0x00007fff48fe9000 	/System/Library/PrivateFrameworks/AggregateDictionary.framework/Versions/A/AggregateDictionary
0x00007fff4dd8b000 	/System/Library/PrivateFrameworks/CoreAnalytics.framework/Versions/A/CoreAnalytics
0x00007fff4a2f4000 	/System/Library/PrivateFrameworks/AppleSauce.framework/Versions/A/AppleSauce
0x00007fff6d245000 	/usr/lib/libIOReport.dylib
0x00007fff38430000 	/System/Library/Frameworks/CoreVideo.framework/Versions/A/CoreVideo
0x00007fff58d84000 	/System/Library/PrivateFrameworks/GraphVisualizer.framework/Versions/A/GraphVisualizer
0x00007fff520d4000 	/System/Library/PrivateFrameworks/FaceCore.framework/Versions/A/FaceCore
0x00007fff3f956000 	/System/Library/Frameworks/OpenCL.framework/Versions/A/OpenCL
0x00007fff6d067000 	/usr/lib/libFosl_dynamic.dylib
0x00007fff5e4c9000 	/System/Library/PrivateFrameworks/OTSVG.framework/Versions/A/OTSVG
0x00007fff345e5000 	/System/Library/Frameworks/ApplicationServices.framework/Versions/A/Frameworks/ATS.framework/Versions/A/Resources/libFontRegistry.dylib
0x00007fff52d5f000 	/System/Library/PrivateFrameworks/FontServices.framework/libhvf.dylib
0x00007fff4034b000 	/System/Library/Frameworks/OpenGL.framework/Versions/A/Libraries/libGFXShared.dylib
0x00007fff40529000 	/System/Library/Frameworks/OpenGL.framework/Versions/A/Libraries/libGLU.dylib
0x00007fff40354000 	/System/Library/Frameworks/OpenGL.framework/Versions/A/Libraries/libGL.dylib
0x00007fff4035f000 	/System/Library/Frameworks/OpenGL.framework/Versions/A/Libraries/libGLImage.dylib
0x00007fff4033d000 	/System/Library/Frameworks/OpenGL.framework/Versions/A/Libraries/libCVMSPluginSupport.dylib
0x00007fff40346000 	/System/Library/Frameworks/OpenGL.framework/Versions/A/Libraries/libCoreVMClient.dylib
0x00007fff6ecd9000 	/usr/lib/libncurses.5.4.dylib
0x00007fff344e1000 	/System/Library/Frameworks/ApplicationServices.framework/Versions/A/Frameworks/ATS.framework/Versions/A/ATS
0x00007fff346ae000 	/System/Library/Frameworks/ApplicationServices.framework/Versions/A/Frameworks/ColorSyncLegacy.framework/Versions/A/ColorSyncLegacy
0x00007fff3474c000 	/System/Library/Frameworks/ApplicationServices.framework/Versions/A/Frameworks/HIServices.framework/Versions/A/HIServices
0x00007fff347a4000 	/System/Library/Frameworks/ApplicationServices.framework/Versions/A/Frameworks/LangAnalysis.framework/Versions/A/LangAnalysis
0x00007fff347b3000 	/System/Library/Frameworks/ApplicationServices.framework/Versions/A/Frameworks/PrintCore.framework/Versions/A/PrintCore
0x00007fff347f9000 	/System/Library/Frameworks/ApplicationServices.framework/Versions/A/Frameworks/QD.framework/Versions/A/QD
0x00007fff34804000 	/System/Library/Frameworks/ApplicationServices.framework/Versions/A/Frameworks/SpeechSynthesis.framework/Versions/A/SpeechSynthesis
0x00007fff3467e000 	/System/Library/Frameworks/ApplicationServices.framework/Versions/A/Frameworks/ATSUI.framework/Versions/A/ATSUI
0x00007fff6e11d000 	/usr/lib/libcups.2.dylib
0x00007fff3adcb000 	/System/Library/Frameworks/Kerberos.framework/Versions/A/Kerberos
0x00007fff38f0c000 	/System/Library/Frameworks/GSS.framework/Versions/A/GSS
0x00007fff6f45c000 	/usr/lib/libresolv.9.dylib
0x00007fff58f31000 	/System/Library/PrivateFrameworks/Heimdal.framework/Versions/A/Heimdal
0x00007fff3adde000 	/System/Library/Frameworks/Kerberos.framework/Versions/A/Libraries/libHeimdalProxy.dylib
0x00007fff6e2c4000 	/usr/lib/libheimdal-asn1.dylib
0x00007fff4d223000 	/System/Library/PrivateFrameworks/CommonAuth.framework/Versions/A/CommonAuth
0x00007fff4a472000 	/System/Library/PrivateFrameworks/AssertionServices.framework/Versions/A/AssertionServices
0x00007fff4b015000 	/System/Library/PrivateFrameworks/AudioToolboxCore.framework/Versions/A/AudioToolboxCore
0x00007fff6a0e2000 	/System/Library/PrivateFrameworks/caulk.framework/Versions/A/caulk
0x00007fff4b5de000 	/System/Library/PrivateFrameworks/BaseBoard.framework/Versions/A/BaseBoard
0x00007fff6272c000 	/System/Library/PrivateFrameworks/RunningBoardServices.framework/Versions/A/RunningBoardServices
0x00007fff5f73d000 	/System/Library/PrivateFrameworks/PersistentConnection.framework/Versions/A/PersistentConnection
0x00007fff62125000 	/System/Library/PrivateFrameworks/ProtocolBuffer.framework/Versions/A/ProtocolBuffer
0x00007fff4d247000 	/System/Library/PrivateFrameworks/CommonUtilities.framework/Versions/A/CommonUtilities
0x00007fff4b76c000 	/System/Library/PrivateFrameworks/Bom.framework/Versions/A/Bom
0x00007fff6cf18000 	/usr/lib/libAudioToolboxUtility.dylib
0x00007fff4b53c000 	/System/Library/PrivateFrameworks/Backup.framework/Versions/A/Backup
0x00007fff50319000 	/System/Library/PrivateFrameworks/CrashReporterSupport.framework/Versions/A/CrashReporterSupport
0x00007fff641be000 	/System/Library/PrivateFrameworks/Sharing.framework/Versions/A/Sharing
0x00007fff49a80000 	/System/Library/PrivateFrameworks/Apple80211.framework/Versions/A/Apple80211
0x00007fff4b259000 	/System/Library/PrivateFrameworks/AuthKit.framework/Versions/A/AuthKit
0x00007fff50026000 	/System/Library/PrivateFrameworks/CoreUtils.framework/Versions/A/CoreUtils
0x00007fff38475000 	/System/Library/Frameworks/CoreWLAN.framework/Versions/A/CoreWLAN
0x00007fff39099000 	/System/Library/Frameworks/IOBluetooth.framework/Versions/A/IOBluetooth
0x00007fff5d2f8000 	/System/Library/PrivateFrameworks/MobileKeyBag.framework/Versions/A/MobileKeyBag
0x00007fff4ee2b000 	/System/Library/PrivateFrameworks/CorePhoneNumbers.framework/Versions/A/CorePhoneNumbers
0x00007fff49e70000 	/System/Library/PrivateFrameworks/AppleIDAuthSupport.framework/Versions/A/AppleIDAuthSupport
0x00007fff3cdcd000 	/System/Library/Frameworks/Network.framework/Versions/A/Network
0x00007fff5b9c6000 	/System/Library/PrivateFrameworks/KeychainCircle.framework/Versions/A/KeychainCircle
0x00007fff35ec6000 	/System/Library/Frameworks/CoreBluetooth.framework/Versions/A/CoreBluetooth
0x00007fff6623d000 	/System/Library/PrivateFrameworks/SpeechRecognitionCore.framework/Versions/A/SpeechRecognitionCore
0x0000000108a00000 	/Library/Java/JavaVirtualMachines/jdk1.8.0_202.jdk/Contents/Home/jre/lib/server/libjvm.dylib
0x00007fff6f7de000 	/usr/lib/libstdc++.6.dylib
0x00000001080b9000 	/Library/Java/JavaVirtualMachines/jdk1.8.0_202.jdk/Contents/Home/jre/lib/libverify.dylib
0x00000001080c7000 	/Library/Java/JavaVirtualMachines/jdk1.8.0_202.jdk/Contents/Home/jre/lib/libjava.dylib
0x00000001080fe000 	/Library/Java/JavaVirtualMachines/jdk1.8.0_202.jdk/Contents/Home/jre/lib/libinstrument.dylib
0x000000010816a000 	/Library/Java/JavaVirtualMachines/jdk1.8.0_202.jdk/Contents/Home/jre/lib/libzip.dylib
0x00000001081b2000 	/Library/Java/JavaVirtualMachines/jdk1.8.0_202.jdk/Contents/Home/jre/lib/libnet.dylib
0x0000000110e09000 	/Library/Java/JavaVirtualMachines/jdk1.8.0_202.jdk/Contents/Home/jre/lib/libnio.dylib
0x0000000110e19000 	/private/var/folders/mt/12byh2z14fb9gc5gfz3_cvcm0000gn/T/libjansi-1.17.1-7880597775874742183.jnilib

VM Arguments:
jvm_args: -Dmaven.multiModuleProjectDirectory=/Users/sonnguyen/IdeaProjects/web-seller -Dmaven.home=/Users/sonnguyen/.m2/wrapper/dists/apache-maven-3.6.3-bin/1iopthnavndlasol9gbrbg6bf2/apache-maven-3.6.3 -Dclassworlds.conf=/Users/sonnguyen/.m2/wrapper/dists/apache-maven-3.6.3-bin/1iopthnavndlasol9gbrbg6bf2/apache-maven-3.6.3/bin/m2.conf -Dmaven.ext.class.path=/Applications/IntelliJ IDEA CE.app/Contents/plugins/maven/lib/maven-event-listener.jar -javaagent:/Applications/IntelliJ IDEA CE.app/Contents/lib/idea_rt.jar=53019:/Applications/IntelliJ IDEA CE.app/Contents/bin -Dfile.encoding=UTF-8 
java_command: org.codehaus.classworlds.Launcher -Didea.version=2020.2.1 clean
java_class_path (initial): /Users/sonnguyen/.m2/wrapper/dists/apache-maven-3.6.3-bin/1iopthnavndlasol9gbrbg6bf2/apache-maven-3.6.3/boot/plexus-classworlds.license:/Users/sonnguyen/.m2/wrapper/dists/apache-maven-3.6.3-bin/1iopthnavndlasol9gbrbg6bf2/apache-maven-3.6.3/boot/plexus-classworlds-2.6.0.jar:/Applications/IntelliJ IDEA CE.app/Contents/lib/idea_rt.jar
Launcher Type: SUN_STANDARD

Environment Variables:
PATH=/usr/local/anaconda3/bin:/usr/local/anaconda3/condabin:/usr/local/bin:/usr/bin:/bin:/usr/sbin:/sbin:/Library/Apple/usr/bin
SHELL=/bin/zsh

Signal Handlers:
SIGSEGV: [libjvm.dylib+0x5b719d], sa_mask[0]=11111111011111110111111111111111, sa_flags=SA_ONSTACK|SA_RESTART|SA_SIGINFO
SIGBUS: [libjvm.dylib+0x5b719d], sa_mask[0]=11111111011111110111111111111111, sa_flags=SA_RESTART|SA_SIGINFO
SIGFPE: [libjvm.dylib+0x48c8fc], sa_mask[0]=11111111011111110111111111111111, sa_flags=SA_RESTART|SA_SIGINFO
SIGPIPE: [libjvm.dylib+0x48c8fc], sa_mask[0]=11111111011111110111111111111111, sa_flags=SA_RESTART|SA_SIGINFO
SIGXFSZ: [libjvm.dylib+0x48c8fc], sa_mask[0]=11111111011111110111111111111111, sa_flags=SA_RESTART|SA_SIGINFO
SIGILL: [libjvm.dylib+0x48c8fc], sa_mask[0]=11111111011111110111111111111111, sa_flags=SA_RESTART|SA_SIGINFO
SIGUSR1: SIG_DFL, sa_mask[0]=00000000000000000000000000000000, sa_flags=none
SIGUSR2: [libjvm.dylib+0x48c41a], sa_mask[0]=00100000000000000000000000000000, sa_flags=SA_RESTART|SA_SIGINFO
SIGHUP: [libjvm.dylib+0x48a9a5], sa_mask[0]=11111111011111110111111111111111, sa_flags=SA_RESTART|SA_SIGINFO
SIGINT: [libjvm.dylib+0x48a9a5], sa_mask[0]=11111111011111110111111111111111, sa_flags=SA_RESTART|SA_SIGINFO
SIGTERM: [libjvm.dylib+0x48a9a5], sa_mask[0]=11111111011111110111111111111111, sa_flags=SA_RESTART|SA_SIGINFO
SIGQUIT: [libjvm.dylib+0x48a9a5], sa_mask[0]=11111111011111110111111111111111, sa_flags=SA_RESTART|SA_SIGINFO


---------------  S Y S T E M  ---------------

OS:Bsduname:Darwin 19.6.0 Darwin Kernel Version 19.6.0: Mon Aug 31 22:12:52 PDT 2020; root:xnu-6153.141.2~1/RELEASE_X86_64 x86_64
rlimit: STACK 8192k, CORE 0k, NPROC 1392, NOFILE 10240, AS infinity
load average:5.90 4.02 3.45

CPU:total 4 (initial active 4) (2 cores per cpu, 2 threads per core) family 6 model 78 stepping 3, cmov, cx8, fxsr, mmx, sse, sse2, sse3, ssse3, sse4.1, sse4.2, popcnt, avx, avx2, aes, clmul, erms, rtm, 3dnowpref, lzcnt, ht, tsc, tscinvbit, bmi1, bmi2, adx

Memory: 4k page, physical 8388608k(40828k free)

/proc/meminfo:


vm_info: Java HotSpot(TM) 64-Bit Server VM (25.202-b08) for bsd-amd64 JRE (1.8.0_202-b08), built on Dec 15 2018 20:16:16 by "java_re" with gcc 4.2.1 (Based on Apple Inc. build 5658) (LLVM build 2336.11.00)

time: Mon Nov  2 18:30:13 2020
timezone: +07
elapsed time: 3 seconds (0d 0h 0m 3s)

